C51 COMPILER V9.01   TIMER                                                                 12/26/2015 13:46:10 PAGE 1   


C51 COMPILER V9.01, COMPILATION OF MODULE TIMER
OBJECT MODULE PLACED IN timer.OBJ
COMPILER INVOKED BY: d:\Keil\C51\BIN\C51.EXE timer.c LARGE OPTIMIZE(9,SPEED) BROWSE DEBUG OBJECTEXTEND

line level    source

   1          #include "timer.h"
   2          #include "ev1527.h"
   3          #include "stc15.h"
   4          
   5          unsigned char await_number = 0;      //待机时刻计算50MS次数变量
   6          unsigned char await_number_table = 0;//0.5秒标志变量
   7          
   8          unsigned char main_press_time_table = 0;//main计算时间变量跟标志位
   9          unsigned char main_press_time = 0;
  10          
  11          unsigned char again_and_again_time = 0;// 判断重复解码所需要的计算时间变量
  12          
  13          unsigned char logout_cycle_number = 0; //销号 循环 计数变量以及标志位
  14          unsigned char logout_cycle_table = 0;
  15          
  16          unsigned char return_standby_time = 0;//一段时间未操作  返回待机界面
  17          
  18          unsigned char second_times = 0;
  19          
  20          unsigned char fd_table = 0;
  21          
  22          unsigned char filter_main = 0;
  23          
  24          unsigned int  send_delay = 0;                   //发送时间累加计数（7500为0.8s）
  25          
  26          unsigned char send_start;                               //发送开始标志位
  27          unsigned char delay_time;                               //停止 延时时间
  28          unsigned char send_time = 1;                    //发送时间
  29          unsigned char flag_Pattern= 0;                  /*工作模式 标志
  30                                                                                                  0：只接收 
  31                                                                                                  1：发送（0.8s）
  32                                                                                                  2：接收并计算延时*/
  33          
  34          unsigned char times = 2;                                        //预定次数标志
  35          unsigned char send_times = 0;                   //已经发送次数
  36          
  37          //unsigned char send_end;                               //发送停止标志
  38          unsigned char received_end;                             //解=接收停止标志
  39          
  40          unsigned int waite_time_s = 20;                 //缓存时间
  41          unsigned char waite_end = 0;                    //缓存结束标志
  42          
  43          unsigned char repeat_time = 120;
  44          
  45          void Init_Timer0(void) 
  46          {
  47   1              TMOD |= 0x01;     //使用模式1，16位定时器，使用"|"符号可以在使用多个定时器时不受影响    
  48   1              TH0 = (65536 - 100) >> 8; //重新赋值 100us
  49   1              TL0 = (65536 - 100) & 0xff;
  50   1              EA = 1;            //总中断打开
  51   1              ET0 = 1;           //定时器中断打开
  52   1              //TR1=1;           //定时器开关打开
  53   1      }
  54          
  55          void Timer0_isr(void) interrupt 1  //定时器1中断服务程序
C51 COMPILER V9.01   TIMER                                                                 12/26/2015 13:46:10 PAGE 2   

  56          {
  57   1              TF0 = 0;
  58   1              TH0 = (65536 - 100) >> 8;                 //重新赋值 100us
  59   1              TL0 = (65536 - 100) & 0xff;
  60   1              if (flag_Pattern == 1)
  61   1              {
  62   2                      send_delay++;
  63   2                      if (send_delay == 7500)
  64   2                      {
  65   3                              send_delay = 0;
  66   3                              LED_G = 1;
  67   3                              LED_R = 0;
  68   3                              send_start = 0;
  69   3      
  70   3                      }
  71   2              }
  72   1              else
  73   1              {
  74   2                      RF_decode_main();
  75   2              }
  76   1      }
  77          
  78          void clear_return_standby_time(void)
  79          {
  80   1              return_standby_time = 0;
  81   1      }


MODULE INFORMATION:   STATIC OVERLAYABLE
   CODE SIZE        =    137    ----
   CONSTANT SIZE    =   ----    ----
   XDATA SIZE       =     24    ----
   PDATA SIZE       =   ----    ----
   DATA SIZE        =   ----    ----
   IDATA SIZE       =   ----    ----
   BIT SIZE         =   ----    ----
END OF MODULE INFORMATION.


C51 COMPILATION COMPLETE.  0 WARNING(S),  0 ERROR(S)
